SonarQube plugins:
  - Python Code Quality and Security 3.1.0.7619 (python)
  - CSS Code Quality and Security 1.3.1.1642 (cssfamily)
  - JaCoCo 1.1.0.898 (jacoco)
  - SonarGo 1.6.0.719 (go)
  - SonarKotlin 1.5.0.315 (kotlin)
  - JavaScript/TypeScript Code Quality and Security 6.5.0.13383 (javascript)
  - SonarRuby 1.5.0.315 (ruby)
  - SonarScala 1.5.0.315 (sonarscala)
  - C# Code Quality and Security 8.13.1.21947 (csharp)
  - Java Code Quality and Security 6.8.0.23379 (java)
  - SonarHTML 3.2.0.2082 (web)
  - SonarFlex 2.5.1.1831 (flex)
  - SonarXML 2.0.1.2020 (xml)
  - PHP Code Quality and Security 3.9.0.6331 (php)
  - VB.NET Code Quality and Security 8.13.1.21947 (vbnet)
Global server settings:
  - sonar.core.id=BF41A1F2-AXYS_gbB6Zn00pJ8ybSn
  - sonar.core.startTime=2020-11-29T04:53:21-0300
Project server settings:
Project scanner properties:
  - sonar.host.url=http://localhost:9000
  - sonar.language=java
  - sonar.projectBaseDir=C:\Users\sidne\Java-JSP\VirtualBookcase
  - sonar.projectKey=test-sonar-virtual_bookcase
  - sonar.projectName=projeto_VirtualBookcase
  - sonar.projectVersion=1.0
  - sonar.scanner.app=ScannerCLI
  - sonar.scanner.appVersion=4.5.0.2216
  - sonar.sourceEncoding=UTF-8
  - sonar.sources=build
  - sonar.verbose=true
  - sonar.working.directory=C:\Users\sidne\Java-JSP\VirtualBookcase\.scannerwork
